<?xml version="1.0" encoding="UTF-8"?>
<!-- Generated by org.testng.reporters.JUnitReportReporter -->
<testsuite hostname="DESKTOP-KGARMQN" failures="0" tests="1" name="Positive.postive_test" time="2.066" errors="0" timestamp="2021-11-01T11:31:06 IST" skipped="0">
  <testcase classname="Positive.postive_test" name="Test5" time="2.066"/>
  <system-out/>
</testsuite> <!-- Positive.postive_test -->
