<?xml version="1.0" encoding="UTF-8"?>
<!-- Generated by org.testng.reporters.JUnitReportReporter -->
<testsuite hostname="DESKTOP-KGARMQN" failures="0" tests="1" name="Positive.appsumo_positive" time="2.352" errors="0" timestamp="2021-11-02T10:37:03 IST" skipped="0">
  <testcase classname="Positive.appsumo_positive" name="Test" time="2.352"/>
  <system-out/>
</testsuite> <!-- Positive.appsumo_positive -->
